<?xml version="1.0" encoding="utf-8"?><testsuites name="pytest tests"><testsuite name="pytest" errors="0" failures="0" skipped="0" tests="24" time="8.806" timestamp="2026-05-24T12:47:15.152771+00:00" hostname="agent-env-37e67a68-08e6-4748-8930-195a0b4d8771"><testcase classname="backend.tests.test_enterprise_ai.TestHealth" name="test_root" time="0.202" /><testcase classname="backend.tests.test_enterprise_ai.TestHealth" name="test_health" time="0.047" /><testcase classname="backend.tests.test_enterprise_ai.TestAuth" name="test_login_ok" time="0.277" /><testcase classname="backend.tests.test_enterprise_ai.TestAuth" name="test_login_bad" time="0.270" /><testcase classname="backend.tests.test_enterprise_ai.TestKBCrud" name="test_list" time="0.055" /><testcase classname="backend.tests.test_enterprise_ai.TestKBCrud" name="test_get" time="0.106" /><testcase classname="backend.tests.test_enterprise_ai.TestKBCrud" name="test_patch" time="0.049" /><testcase classname="backend.tests.test_enterprise_ai.TestKBSearch" name="test_search_modes[vector]" time="0.228" /><testcase classname="backend.tests.test_enterprise_ai.TestKBSearch" name="test_search_modes[hybrid]" time="0.316" /><testcase classname="backend.tests.test_enterprise_ai.TestKBSearch" name="test_search_modes[bm25]" time="0.182" /><testcase classname="backend.tests.test_enterprise_ai.TestKBSearch" name="test_search_modes[ensemble]" time="0.320" /><testcase classname="backend.tests.test_enterprise_ai.TestWebCrawler" name="test_crawl_and_search" time="3.497" /><testcase classname="backend.tests.test_enterprise_ai.TestWebCrawler" name="test_crawl_history" time="0.047" /><testcase classname="backend.tests.test_enterprise_ai.TestMCP" name="test_list_builtins" time="0.048" /><testcase classname="backend.tests.test_enterprise_ai.TestMCP" name="test_web_search" time="0.289" /><testcase classname="backend.tests.test_enterprise_ai.TestMCP" name="test_http_request" time="1.970" /><testcase classname="backend.tests.test_enterprise_ai.TestMCP" name="test_custom_tool_create_delete" time="0.099" /><testcase classname="backend.tests.test_enterprise_ai.TestAPIKeys" name="test_create_list_use_revoke" time="0.323" /><testcase classname="backend.tests.test_enterprise_ai.TestModelAnalytics" name="test_analytics[summary]" time="0.048" /><testcase classname="backend.tests.test_enterprise_ai.TestModelAnalytics" name="test_analytics[by-model]" time="0.051" /><testcase classname="backend.tests.test_enterprise_ai.TestModelAnalytics" name="test_analytics[latency]" time="0.045" /><testcase classname="backend.tests.test_enterprise_ai.TestModelAnalytics" name="test_analytics[cost]" time="0.045" /><testcase classname="backend.tests.test_enterprise_ai.TestRBAC" name="test_admin_can_access_admin_routes" time="0.047" /><testcase classname="backend.tests.test_enterprise_ai.TestRBAC" name="test_unauth_rejected" time="0.142" /></testsuite></testsuites>