<?xml version="1.0" encoding="utf-8"?><testsuites name="pytest tests"><testsuite name="pytest" errors="0" failures="1" skipped="0" tests="10" time="6.318" timestamp="2026-05-26T07:14:51.756758+00:00" hostname="agent-env-37e67a68-08e6-4748-8930-195a0b4d8771"><testcase classname="backend.tests.test_phase_ab.TestCrawlPreview" name="test_preview_ok" time="0.686" /><testcase classname="backend.tests.test_phase_ab.TestCrawlPreview" name="test_preview_unreachable_returns_422" time="0.533" /><testcase classname="backend.tests.test_phase_ab.TestCrawlStartAndCancel" name="test_unreachable_returns_422" time="0.072" /><testcase classname="backend.tests.test_phase_ab.TestCrawlStartAndCancel" name="test_cancel_no_active_returns_404" time="0.046" /><testcase classname="backend.tests.test_phase_ab.TestCrawlStartAndCancel" name="test_crawl_returns_full_job_doc_and_updates_kb_counts" time="3.217" /><testcase classname="backend.tests.test_phase_ab.TestSearchEnrichment" name="test_hits_have_attribution_fields" time="0.450" /><testcase classname="backend.tests.test_phase_ab.TestChatToolCalls" name="test_legacy_no_tools_returns_empty_tool_calls" time="0.092"><failure message="AssertionError: {&quot;detail&quot;:&quot;Method Not Allowed&quot;}&#10;assert 405 in (200, 201)&#10; +  where 405 = &lt;Response [405]&gt;.status_code">backend/tests/test_phase_ab.py:189: in test_legacy_no_tools_returns_empty_tool_calls
    assert sess.status_code in (200, 201), sess.text
E   AssertionError: {"detail":"Method Not Allowed"}
E   assert 405 in (200, 201)
E    +  where 405 = &lt;Response [405]&gt;.status_code</failure></testcase><testcase classname="backend.tests.test_phase_ab.TestShareLinksAddons" name="test_create_with_addons_and_kb_only" time="0.156" /><testcase classname="backend.tests.test_phase_ab.TestWidgetAddons" name="test_create_patch_get_with_addons" time="0.329" /><testcase classname="backend.tests.test_phase_ab.TestToolExecutions" name="test_history_endpoint_returns_list" time="0.579" /></testsuite></testsuites>