<?xml version="1.0" encoding="utf-8"?><testsuites name="pytest tests"><testsuite name="pytest" errors="0" failures="0" skipped="0" tests="35" time="18.219" timestamp="2026-05-26T07:16:06.538584+00:00" hostname="agent-env-37e67a68-08e6-4748-8930-195a0b4d8771"><testcase classname="backend.tests.test_phase_ab.TestCrawlPreview" name="test_preview_ok" time="0.624" /><testcase classname="backend.tests.test_phase_ab.TestCrawlPreview" name="test_preview_unreachable_returns_422" time="0.120" /><testcase classname="backend.tests.test_phase_ab.TestCrawlStartAndCancel" name="test_unreachable_returns_422" time="0.070" /><testcase classname="backend.tests.test_phase_ab.TestCrawlStartAndCancel" name="test_cancel_no_active_returns_404" time="0.046" /><testcase classname="backend.tests.test_phase_ab.TestCrawlStartAndCancel" name="test_crawl_returns_full_job_doc_and_updates_kb_counts" time="3.208" /><testcase classname="backend.tests.test_phase_ab.TestSearchEnrichment" name="test_hits_have_attribution_fields" time="0.463" /><testcase classname="backend.tests.test_phase_ab.TestChatToolCalls" name="test_legacy_no_tools_returns_empty_tool_calls" time="2.742" /><testcase classname="backend.tests.test_phase_ab.TestChatToolCalls" name="test_with_tools_field_accepted" time="1.243" /><testcase classname="backend.tests.test_phase_ab.TestShareLinksAddons" name="test_create_with_addons_and_kb_only" time="0.195" /><testcase classname="backend.tests.test_phase_ab.TestWidgetAddons" name="test_create_patch_get_with_addons" time="0.320" /><testcase classname="backend.tests.test_phase_ab.TestToolExecutions" name="test_history_endpoint_returns_list" time="0.484" /><testcase classname="backend.tests.test_enterprise_ai.TestHealth" name="test_root" time="0.104" /><testcase classname="backend.tests.test_enterprise_ai.TestHealth" name="test_health" time="0.044" /><testcase classname="backend.tests.test_enterprise_ai.TestAuth" name="test_login_ok" time="0.269" /><testcase classname="backend.tests.test_enterprise_ai.TestAuth" name="test_login_bad" time="0.267" /><testcase classname="backend.tests.test_enterprise_ai.TestKBCrud" name="test_list" time="0.048" /><testcase classname="backend.tests.test_enterprise_ai.TestKBCrud" name="test_get" time="0.096" /><testcase classname="backend.tests.test_enterprise_ai.TestKBCrud" name="test_patch" time="0.048" /><testcase classname="backend.tests.test_enterprise_ai.TestKBSearch" name="test_search_modes[vector]" time="0.434" /><testcase classname="backend.tests.test_enterprise_ai.TestKBSearch" name="test_search_modes[hybrid]" time="0.671" /><testcase classname="backend.tests.test_enterprise_ai.TestKBSearch" name="test_search_modes[bm25]" time="0.424" /><testcase classname="backend.tests.test_enterprise_ai.TestKBSearch" name="test_search_modes[ensemble]" time="0.572" /><testcase classname="backend.tests.test_enterprise_ai.TestWebCrawler" name="test_crawl_and_search" time="3.671" /><testcase classname="backend.tests.test_enterprise_ai.TestWebCrawler" name="test_crawl_history" time="0.045" /><testcase classname="backend.tests.test_enterprise_ai.TestMCP" name="test_list_builtins" time="0.048" /><testcase classname="backend.tests.test_enterprise_ai.TestMCP" name="test_web_search" time="0.269" /><testcase classname="backend.tests.test_enterprise_ai.TestMCP" name="test_http_request" time="0.628" /><testcase classname="backend.tests.test_enterprise_ai.TestMCP" name="test_custom_tool_create_delete" time="0.094" /><testcase classname="backend.tests.test_enterprise_ai.TestAPIKeys" name="test_create_list_use_revoke" time="0.315" /><testcase classname="backend.tests.test_enterprise_ai.TestModelAnalytics" name="test_analytics[summary]" time="0.049" /><testcase classname="backend.tests.test_enterprise_ai.TestModelAnalytics" name="test_analytics[by-model]" time="0.045" /><testcase classname="backend.tests.test_enterprise_ai.TestModelAnalytics" name="test_analytics[latency]" time="0.045" /><testcase classname="backend.tests.test_enterprise_ai.TestModelAnalytics" name="test_analytics[cost]" time="0.046" /><testcase classname="backend.tests.test_enterprise_ai.TestRBAC" name="test_admin_can_access_admin_routes" time="0.046" /><testcase classname="backend.tests.test_enterprise_ai.TestRBAC" name="test_unauth_rejected" time="0.253" /></testsuite></testsuites>